<?xml version="1.0" encoding="UTF-8"?>
<testsuite xmlns:xsi="http://www.w3.org/2001/XMLSchema-instance" xsi:noNamespaceSchemaLocation="https://maven.apache.org/surefire/maven-surefire-plugin/xsd/surefire-test-report-3.0.xsd" version="3.0" name="com.rizqigo.AppTest" time="0.057" tests="1" errors="0" skipped="0" failures="0">
  <properties>
[...]
</properties>
  <testcase name="testStatusEnum" classname="com.rizqigo.AppTest" time="0.044">
    <system-err><![CDATA[Oct 18, 2025 5:12:27 PM com.rizqigo.AppTest testStatusEnum
INFO: test status enum 123
]]></system-err>
  </testcase>
</testsuite>